<?xml version="1.0" encoding="UTF-8"?>
<!-- Generated by org.testng.reporters.JUnitReportReporter -->
<testsuite hostname="CHDSEZ578256L" failures="0" tests="4" name="com.OrangeHRM.testscenario.TestScenario" time="78.950" errors="0" timestamp="2023-06-26T12:37:41 IST" skipped="0">
  <testcase classname="com.OrangeHRM.testscenario.TestScenario" name="LoginTest" time="13.040"/>
  <system-out/>
  <testcase classname="com.OrangeHRM.testscenario.TestScenario" name="AddEmpTest" time="52.577"/>
  <system-out/>
  <testcase classname="com.OrangeHRM.testscenario.TestScenario" name="LogOutTest" time="5.393"/>
  <system-out/>
  <testcase classname="com.OrangeHRM.testscenario.TestScenario" name="LoginTest1" time="7.940"/>
  <system-out/>
</testsuite> <!-- com.OrangeHRM.testscenario.TestScenario -->
